<?xml version="1.0" encoding="UTF-8" standalone="yes"?>
<testsuites time="1.7976931348623157E308" tests="0" failures="0" errors="0"/>
